2024/04/22 20:22:07 [notice] 1#1: using the "epoll" event method
2024/04/22 20:22:07 [notice] 1#1: nginx/1.25.5
2024/04/22 20:22:07 [notice] 1#1: built by gcc 12.2.0 (Debian 12.2.0-14) 
2024/04/22 20:22:07 [notice] 1#1: OS: Linux 6.6.16-linuxkit
2024/04/22 20:22:07 [notice] 1#1: getrlimit(RLIMIT_NOFILE): 1048576:1048576
2024/04/22 20:22:07 [notice] 1#1: start worker processes
2024/04/22 20:22:07 [notice] 1#1: start worker process 28
2024/04/22 20:22:07 [notice] 1#1: start worker process 29
2024/04/22 20:22:07 [notice] 1#1: start worker process 30
2024/04/22 20:22:07 [notice] 1#1: start worker process 31
2024/04/22 20:22:07 [notice] 1#1: start worker process 32
2024/04/22 20:22:07 [notice] 1#1: start worker process 33
2024/04/22 20:22:07 [notice] 1#1: start worker process 34
2024/04/22 20:22:07 [notice] 1#1: start worker process 35
2024/04/22 20:22:07 [notice] 1#1: start worker process 36
2024/04/22 20:22:07 [notice] 1#1: start worker process 37
2024/04/22 20:28:04 [notice] 1#1: signal 3 (SIGQUIT) received, shutting down
2024/04/22 20:28:04 [notice] 28#28: gracefully shutting down
2024/04/22 20:28:04 [notice] 31#31: gracefully shutting down
2024/04/22 20:28:04 [notice] 31#31: exiting
2024/04/22 20:28:04 [notice] 36#36: gracefully shutting down
2024/04/22 20:28:04 [notice] 36#36: exiting
2024/04/22 20:28:04 [notice] 35#35: gracefully shutting down
2024/04/22 20:28:04 [notice] 35#35: exiting
2024/04/22 20:28:04 [notice] 32#32: gracefully shutting down
2024/04/22 20:28:04 [notice] 32#32: exiting
2024/04/22 20:28:04 [notice] 34#34: gracefully shutting down
2024/04/22 20:28:04 [notice] 34#34: exiting
2024/04/22 20:28:04 [notice] 37#37: gracefully shutting down
2024/04/22 20:28:04 [notice] 37#37: exiting
2024/04/22 20:28:04 [notice] 30#30: gracefully shutting down
2024/04/22 20:28:04 [notice] 30#30: exiting
2024/04/22 20:28:04 [notice] 33#33: gracefully shutting down
2024/04/22 20:28:04 [notice] 29#29: gracefully shutting down
2024/04/22 20:28:04 [notice] 28#28: exiting
2024/04/22 20:28:04 [notice] 31#31: exit
2024/04/22 20:28:04 [notice] 36#36: exit
2024/04/22 20:28:04 [notice] 35#35: exit
2024/04/22 20:28:04 [notice] 32#32: exit
2024/04/22 20:28:04 [notice] 34#34: exit
2024/04/22 20:28:04 [notice] 37#37: exit
2024/04/22 20:28:04 [notice] 30#30: exit
2024/04/22 20:28:04 [notice] 33#33: exiting
2024/04/22 20:28:04 [notice] 29#29: exiting
2024/04/22 20:28:04 [notice] 28#28: exit
2024/04/22 20:28:04 [notice] 33#33: exit
2024/04/22 20:28:04 [notice] 29#29: exit
2024/04/22 20:28:04 [notice] 1#1: signal 17 (SIGCHLD) received from 37
2024/04/22 20:28:04 [notice] 1#1: worker process 37 exited with code 0
2024/04/22 20:28:04 [notice] 1#1: signal 29 (SIGIO) received
2024/04/22 20:28:04 [notice] 1#1: signal 17 (SIGCHLD) received from 36
2024/04/22 20:28:04 [notice] 1#1: worker process 29 exited with code 0
2024/04/22 20:28:04 [notice] 1#1: worker process 31 exited with code 0
2024/04/22 20:28:04 [notice] 1#1: worker process 32 exited with code 0
2024/04/22 20:28:04 [notice] 1#1: worker process 33 exited with code 0
2024/04/22 20:28:04 [notice] 1#1: worker process 35 exited with code 0
2024/04/22 20:28:04 [notice] 1#1: worker process 36 exited with code 0
2024/04/22 20:28:04 [notice] 1#1: signal 29 (SIGIO) received
2024/04/22 20:28:04 [notice] 1#1: signal 17 (SIGCHLD) received from 31
2024/04/22 20:28:04 [notice] 1#1: signal 17 (SIGCHLD) received from 30
2024/04/22 20:28:04 [notice] 1#1: worker process 30 exited with code 0
2024/04/22 20:28:04 [notice] 1#1: worker process 34 exited with code 0
2024/04/22 20:28:04 [notice] 1#1: signal 29 (SIGIO) received
2024/04/22 20:28:04 [notice] 1#1: signal 17 (SIGCHLD) received from 34
2024/04/22 20:28:04 [notice] 1#1: signal 17 (SIGCHLD) received from 28
2024/04/22 20:28:04 [notice] 1#1: worker process 28 exited with code 0
2024/04/22 20:28:04 [notice] 1#1: exit
2024/04/22 20:29:10 [emerg] 1#1: open() "/etc/nginx/nginx.conf" failed (2: No such file or directory)
2024/04/22 20:29:10 [emerg] 1#1: open() "/etc/nginx/nginx.conf" failed (2: No such file or directory)
2024/04/22 20:29:11 [emerg] 1#1: open() "/etc/nginx/nginx.conf" failed (2: No such file or directory)
2024/04/22 20:29:11 [emerg] 1#1: open() "/etc/nginx/nginx.conf" failed (2: No such file or directory)
2024/04/22 20:29:12 [emerg] 1#1: open() "/etc/nginx/nginx.conf" failed (2: No such file or directory)
2024/04/22 20:29:14 [emerg] 1#1: open() "/etc/nginx/nginx.conf" failed (2: No such file or directory)
2024/04/22 20:29:17 [emerg] 1#1: open() "/etc/nginx/nginx.conf" failed (2: No such file or directory)
2024/04/22 20:29:24 [emerg] 1#1: open() "/etc/nginx/nginx.conf" failed (2: No such file or directory)
2024/04/22 20:29:37 [emerg] 1#1: open() "/etc/nginx/nginx.conf" failed (2: No such file or directory)
2024/04/22 20:30:02 [emerg] 1#1: open() "/etc/nginx/nginx.conf" failed (2: No such file or directory)
2024/04/22 20:30:54 [emerg] 1#1: open() "/etc/nginx/nginx.conf" failed (2: No such file or directory)
2024/04/22 20:47:24 [emerg] 1#1: open() "/etc/nginx/mime.types" failed (2: No such file or directory) in /etc/nginx/nginx.conf:20
2024/04/22 20:47:24 [emerg] 1#1: open() "/etc/nginx/mime.types" failed (2: No such file or directory) in /etc/nginx/nginx.conf:20
2024/04/22 20:47:25 [emerg] 1#1: open() "/etc/nginx/mime.types" failed (2: No such file or directory) in /etc/nginx/nginx.conf:20
2024/04/22 20:47:25 [emerg] 1#1: open() "/etc/nginx/mime.types" failed (2: No such file or directory) in /etc/nginx/nginx.conf:20
2024/04/22 20:47:26 [emerg] 1#1: open() "/etc/nginx/mime.types" failed (2: No such file or directory) in /etc/nginx/nginx.conf:20
2024/04/22 20:47:28 [emerg] 1#1: open() "/etc/nginx/mime.types" failed (2: No such file or directory) in /etc/nginx/nginx.conf:20
2024/04/22 20:47:31 [emerg] 1#1: open() "/etc/nginx/mime.types" failed (2: No such file or directory) in /etc/nginx/nginx.conf:20
2024/04/22 20:47:38 [emerg] 1#1: open() "/etc/nginx/mime.types" failed (2: No such file or directory) in /etc/nginx/nginx.conf:20
2024/04/22 20:47:51 [emerg] 1#1: open() "/etc/nginx/mime.types" failed (2: No such file or directory) in /etc/nginx/nginx.conf:20
2024/04/22 20:48:17 [emerg] 1#1: open() "/etc/nginx/mime.types" failed (2: No such file or directory) in /etc/nginx/nginx.conf:20
2024/04/22 20:49:08 [emerg] 1#1: open() "/etc/nginx/mime.types" failed (2: No such file or directory) in /etc/nginx/nginx.conf:20
2024/04/22 20:50:08 [emerg] 1#1: open() "/etc/nginx/mime.types" failed (2: No such file or directory) in /etc/nginx/nginx.conf:20
2024/04/22 20:50:33 [notice] 1#1: using the "epoll" event method
2024/04/22 20:50:33 [notice] 1#1: nginx/1.25.5
2024/04/22 20:50:33 [notice] 1#1: built by gcc 12.2.0 (Debian 12.2.0-14) 
2024/04/22 20:50:33 [notice] 1#1: OS: Linux 6.6.16-linuxkit
2024/04/22 20:50:33 [notice] 1#1: getrlimit(RLIMIT_NOFILE): 1048576:1048576
2024/04/22 20:50:33 [notice] 1#1: start worker processes
2024/04/22 20:50:33 [notice] 1#1: start worker process 29
2024/04/22 20:50:33 [notice] 1#1: start worker process 30
2024/04/22 20:50:33 [notice] 1#1: start worker process 31
2024/04/22 20:50:33 [notice] 1#1: start worker process 32
2024/04/22 20:50:33 [notice] 1#1: start worker process 33
2024/04/22 20:50:33 [notice] 1#1: start worker process 34
2024/04/22 20:50:33 [notice] 1#1: start worker process 35
2024/04/22 20:50:33 [notice] 1#1: start worker process 36
2024/04/22 20:50:33 [notice] 1#1: start worker process 37
2024/04/22 20:50:33 [notice] 1#1: start worker process 38
2024/04/22 20:52:33 [notice] 1#1: signal 3 (SIGQUIT) received, shutting down
2024/04/22 20:52:33 [notice] 35#35: gracefully shutting down
2024/04/22 20:52:33 [notice] 36#36: gracefully shutting down
2024/04/22 20:52:33 [notice] 37#37: gracefully shutting down
2024/04/22 20:52:33 [notice] 37#37: exiting
2024/04/22 20:52:33 [notice] 38#38: gracefully shutting down
2024/04/22 20:52:33 [notice] 38#38: exiting
2024/04/22 20:52:33 [notice] 29#29: gracefully shutting down
2024/04/22 20:52:33 [notice] 29#29: exiting
2024/04/22 20:52:33 [notice] 30#30: gracefully shutting down
2024/04/22 20:52:33 [notice] 30#30: exiting
2024/04/22 20:52:33 [notice] 31#31: gracefully shutting down
2024/04/22 20:52:33 [notice] 32#32: gracefully shutting down
2024/04/22 20:52:33 [notice] 33#33: gracefully shutting down
2024/04/22 20:52:33 [notice] 33#33: exiting
2024/04/22 20:52:33 [notice] 34#34: gracefully shutting down
2024/04/22 20:52:33 [notice] 35#35: exiting
2024/04/22 20:52:33 [notice] 36#36: exiting
2024/04/22 20:52:33 [notice] 37#37: exit
2024/04/22 20:52:33 [notice] 38#38: exit
2024/04/22 20:52:33 [notice] 29#29: exit
2024/04/22 20:52:33 [notice] 30#30: exit
2024/04/22 20:52:33 [notice] 31#31: exiting
2024/04/22 20:52:33 [notice] 32#32: exiting
2024/04/22 20:52:33 [notice] 33#33: exit
2024/04/22 20:52:33 [notice] 34#34: exiting
2024/04/22 20:52:33 [notice] 35#35: exit
2024/04/22 20:52:33 [notice] 36#36: exit
2024/04/22 20:52:33 [notice] 31#31: exit
2024/04/22 20:52:33 [notice] 32#32: exit
2024/04/22 20:52:33 [notice] 34#34: exit
2024/04/22 20:52:33 [notice] 1#1: signal 17 (SIGCHLD) received from 30
2024/04/22 20:52:33 [notice] 1#1: worker process 29 exited with code 0
2024/04/22 20:52:33 [notice] 1#1: worker process 30 exited with code 0
2024/04/22 20:52:33 [notice] 1#1: worker process 31 exited with code 0
2024/04/22 20:52:33 [notice] 1#1: worker process 32 exited with code 0
2024/04/22 20:52:33 [notice] 1#1: worker process 35 exited with code 0
2024/04/22 20:52:33 [notice] 1#1: worker process 36 exited with code 0
2024/04/22 20:52:33 [notice] 1#1: worker process 37 exited with code 0
2024/04/22 20:52:33 [notice] 1#1: worker process 38 exited with code 0
2024/04/22 20:52:33 [notice] 1#1: signal 29 (SIGIO) received
2024/04/22 20:52:33 [notice] 1#1: signal 17 (SIGCHLD) received from 34
2024/04/22 20:52:33 [notice] 1#1: worker process 34 exited with code 0
2024/04/22 20:52:33 [notice] 1#1: signal 29 (SIGIO) received
2024/04/22 20:52:33 [notice] 1#1: signal 17 (SIGCHLD) received from 33
2024/04/22 20:52:33 [notice] 1#1: worker process 33 exited with code 0
2024/04/22 20:52:33 [notice] 1#1: exit
2024/04/22 20:53:24 [notice] 1#1: using the "epoll" event method
2024/04/22 20:53:24 [notice] 1#1: nginx/1.25.5
2024/04/22 20:53:24 [notice] 1#1: built by gcc 12.2.0 (Debian 12.2.0-14) 
2024/04/22 20:53:24 [notice] 1#1: OS: Linux 6.6.16-linuxkit
2024/04/22 20:53:24 [notice] 1#1: getrlimit(RLIMIT_NOFILE): 1048576:1048576
2024/04/22 20:53:24 [notice] 1#1: start worker processes
2024/04/22 20:53:24 [notice] 1#1: start worker process 29
2024/04/22 20:53:24 [notice] 1#1: start worker process 30
2024/04/22 20:53:24 [notice] 1#1: start worker process 31
2024/04/22 20:53:24 [notice] 1#1: start worker process 32
2024/04/22 20:53:24 [notice] 1#1: start worker process 33
2024/04/22 20:53:24 [notice] 1#1: start worker process 34
2024/04/22 20:53:24 [notice] 1#1: start worker process 35
2024/04/22 20:53:24 [notice] 1#1: start worker process 36
2024/04/22 20:53:24 [notice] 1#1: start worker process 37
2024/04/22 20:53:24 [notice] 1#1: start worker process 38
2024/04/22 22:32:34 [notice] 1#1: signal 3 (SIGQUIT) received, shutting down
2024/04/22 22:32:34 [notice] 29#29: gracefully shutting down
2024/04/22 22:32:34 [notice] 38#38: gracefully shutting down
2024/04/22 22:32:34 [notice] 32#32: gracefully shutting down
2024/04/22 22:32:34 [notice] 33#33: gracefully shutting down
2024/04/22 22:32:34 [notice] 30#30: gracefully shutting down
2024/04/22 22:32:34 [notice] 31#31: gracefully shutting down
2024/04/22 22:32:34 [notice] 37#37: gracefully shutting down
2024/04/22 22:32:34 [notice] 34#34: gracefully shutting down
2024/04/22 22:32:34 [notice] 35#35: gracefully shutting down
2024/04/22 22:32:34 [notice] 36#36: gracefully shutting down
2024/04/22 22:32:34 [notice] 29#29: exiting
2024/04/22 22:32:34 [notice] 38#38: exiting
2024/04/22 22:32:34 [notice] 32#32: exiting
2024/04/22 22:32:34 [notice] 33#33: exiting
2024/04/22 22:32:34 [notice] 30#30: exiting
2024/04/22 22:32:34 [notice] 31#31: exiting
2024/04/22 22:32:34 [notice] 37#37: exiting
2024/04/22 22:32:34 [notice] 34#34: exiting
2024/04/22 22:32:34 [notice] 35#35: exiting
2024/04/22 22:32:34 [notice] 36#36: exiting
2024/04/22 22:32:34 [notice] 29#29: exit
2024/04/22 22:32:34 [notice] 38#38: exit
2024/04/22 22:32:34 [notice] 32#32: exit
2024/04/22 22:32:34 [notice] 33#33: exit
2024/04/22 22:32:34 [notice] 30#30: exit
2024/04/22 22:32:34 [notice] 31#31: exit
2024/04/22 22:32:34 [notice] 37#37: exit
2024/04/22 22:32:34 [notice] 34#34: exit
2024/04/22 22:32:34 [notice] 35#35: exit
2024/04/22 22:32:34 [notice] 36#36: exit
2024/04/22 22:32:34 [notice] 1#1: signal 17 (SIGCHLD) received from 36
2024/04/22 22:32:34 [notice] 1#1: worker process 29 exited with code 0
2024/04/22 22:32:34 [notice] 1#1: worker process 31 exited with code 0
2024/04/22 22:32:34 [notice] 1#1: worker process 33 exited with code 0
2024/04/22 22:32:34 [notice] 1#1: worker process 34 exited with code 0
2024/04/22 22:32:34 [notice] 1#1: worker process 35 exited with code 0
2024/04/22 22:32:34 [notice] 1#1: worker process 36 exited with code 0
2024/04/22 22:32:34 [notice] 1#1: worker process 38 exited with code 0
2024/04/22 22:32:34 [notice] 1#1: worker process 30 exited with code 0
2024/04/22 22:32:34 [notice] 1#1: signal 29 (SIGIO) received
2024/04/22 22:32:34 [notice] 1#1: signal 17 (SIGCHLD) received from 29
2024/04/22 22:32:34 [notice] 1#1: signal 17 (SIGCHLD) received from 37
2024/04/22 22:32:34 [notice] 1#1: worker process 32 exited with code 0
2024/04/22 22:32:34 [notice] 1#1: worker process 37 exited with code 0
2024/04/22 22:32:34 [notice] 1#1: exit
2024/04/22 22:35:14 [notice] 1#1: using the "epoll" event method
2024/04/22 22:35:14 [notice] 1#1: nginx/1.25.5
2024/04/22 22:35:14 [notice] 1#1: built by gcc 12.2.0 (Debian 12.2.0-14) 
2024/04/22 22:35:14 [notice] 1#1: OS: Linux 6.6.16-linuxkit
2024/04/22 22:35:14 [notice] 1#1: getrlimit(RLIMIT_NOFILE): 1048576:1048576
2024/04/22 22:35:14 [notice] 1#1: start worker processes
2024/04/22 22:35:14 [notice] 1#1: start worker process 29
2024/04/22 22:35:14 [notice] 1#1: start worker process 30
2024/04/22 22:35:14 [notice] 1#1: start worker process 31
2024/04/22 22:35:14 [notice] 1#1: start worker process 32
2024/04/22 22:35:14 [notice] 1#1: start worker process 33
2024/04/22 22:35:14 [notice] 1#1: start worker process 34
2024/04/22 22:35:14 [notice] 1#1: start worker process 35
2024/04/22 22:35:14 [notice] 1#1: start worker process 36
2024/04/22 22:35:14 [notice] 1#1: start worker process 37
2024/04/22 22:35:14 [notice] 1#1: start worker process 38
2024/04/23 00:37:53 [notice] 1#1: signal 3 (SIGQUIT) received, shutting down
2024/04/23 00:37:53 [notice] 31#31: gracefully shutting down
2024/04/23 00:37:53 [notice] 31#31: exiting
2024/04/23 00:37:53 [notice] 29#29: gracefully shutting down
2024/04/23 00:37:53 [notice] 30#30: gracefully shutting down
2024/04/23 00:37:53 [notice] 32#32: gracefully shutting down
2024/04/23 00:37:53 [notice] 33#33: gracefully shutting down
2024/04/23 00:37:53 [notice] 35#35: gracefully shutting down
2024/04/23 00:37:53 [notice] 36#36: gracefully shutting down
2024/04/23 00:37:53 [notice] 37#37: gracefully shutting down
2024/04/23 00:37:53 [notice] 38#38: gracefully shutting down
2024/04/23 00:37:53 [notice] 34#34: gracefully shutting down
2024/04/23 00:37:53 [notice] 31#31: exit
2024/04/23 00:37:53 [notice] 29#29: exiting
2024/04/23 00:37:53 [notice] 30#30: exiting
2024/04/23 00:37:53 [notice] 32#32: exiting
2024/04/23 00:37:53 [notice] 33#33: exiting
2024/04/23 00:37:53 [notice] 35#35: exiting
2024/04/23 00:37:53 [notice] 36#36: exiting
2024/04/23 00:37:53 [notice] 37#37: exiting
2024/04/23 00:37:53 [notice] 38#38: exiting
2024/04/23 00:37:53 [notice] 34#34: exiting
2024/04/23 00:37:53 [notice] 29#29: exit
2024/04/23 00:37:53 [notice] 30#30: exit
2024/04/23 00:37:53 [notice] 32#32: exit
2024/04/23 00:37:53 [notice] 33#33: exit
2024/04/23 00:37:53 [notice] 35#35: exit
2024/04/23 00:37:53 [notice] 36#36: exit
2024/04/23 00:37:53 [notice] 37#37: exit
2024/04/23 00:37:53 [notice] 38#38: exit
2024/04/23 00:37:53 [notice] 34#34: exit
2024/04/23 00:37:54 [notice] 1#1: signal 17 (SIGCHLD) received from 31
2024/04/23 00:37:54 [notice] 1#1: worker process 31 exited with code 0
2024/04/23 00:37:54 [notice] 1#1: worker process 36 exited with code 0
2024/04/23 00:37:54 [notice] 1#1: signal 29 (SIGIO) received
2024/04/23 00:37:54 [notice] 1#1: signal 17 (SIGCHLD) received from 34
2024/04/23 00:37:54 [notice] 1#1: worker process 29 exited with code 0
2024/04/23 00:37:54 [notice] 1#1: worker process 30 exited with code 0
2024/04/23 00:37:54 [notice] 1#1: worker process 33 exited with code 0
2024/04/23 00:37:54 [notice] 1#1: worker process 34 exited with code 0
2024/04/23 00:37:54 [notice] 1#1: worker process 35 exited with code 0
2024/04/23 00:37:54 [notice] 1#1: worker process 37 exited with code 0
2024/04/23 00:37:54 [notice] 1#1: worker process 38 exited with code 0
2024/04/23 00:37:54 [notice] 1#1: signal 29 (SIGIO) received
2024/04/23 00:37:54 [notice] 1#1: signal 17 (SIGCHLD) received from 38
2024/04/23 00:37:54 [notice] 1#1: signal 17 (SIGCHLD) received from 32
2024/04/23 00:37:54 [notice] 1#1: worker process 32 exited with code 0
2024/04/23 00:37:54 [notice] 1#1: exit
2024/04/23 12:57:17 [notice] 1#1: using the "epoll" event method
2024/04/23 12:57:17 [notice] 1#1: nginx/1.25.5
2024/04/23 12:57:17 [notice] 1#1: built by gcc 12.2.0 (Debian 12.2.0-14) 
2024/04/23 12:57:17 [notice] 1#1: OS: Linux 6.6.16-linuxkit
2024/04/23 12:57:17 [notice] 1#1: getrlimit(RLIMIT_NOFILE): 1048576:1048576
2024/04/23 12:57:17 [notice] 1#1: start worker processes
2024/04/23 12:57:17 [notice] 1#1: start worker process 22
2024/04/23 12:57:17 [notice] 1#1: start worker process 23
2024/04/23 12:57:17 [notice] 1#1: start worker process 24
2024/04/23 12:57:17 [notice] 1#1: start worker process 25
2024/04/23 12:57:17 [notice] 1#1: start worker process 26
2024/04/23 12:57:17 [notice] 1#1: start worker process 27
2024/04/23 12:57:17 [notice] 1#1: start worker process 28
2024/04/23 12:57:17 [notice] 1#1: start worker process 29
2024/04/23 12:57:17 [notice] 1#1: start worker process 30
2024/04/23 12:57:17 [notice] 1#1: start worker process 31
2024/04/28 22:08:00 [notice] 1#1: signal 3 (SIGQUIT) received, shutting down
2024/04/28 22:08:00 [notice] 22#22: gracefully shutting down
2024/04/28 22:08:00 [notice] 29#29: gracefully shutting down
2024/04/28 22:08:00 [notice] 23#23: gracefully shutting down
2024/04/28 22:08:00 [notice] 25#25: gracefully shutting down
2024/04/28 22:08:00 [notice] 26#26: gracefully shutting down
2024/04/28 22:08:00 [notice] 27#27: gracefully shutting down
2024/04/28 22:08:00 [notice] 24#24: gracefully shutting down
2024/04/28 22:08:00 [notice] 28#28: gracefully shutting down
2024/04/28 22:08:00 [notice] 24#24: exiting
2024/04/28 22:08:00 [notice] 30#30: gracefully shutting down
2024/04/28 22:08:00 [notice] 31#31: gracefully shutting down
2024/04/28 22:08:00 [notice] 22#22: exiting
2024/04/28 22:08:00 [notice] 29#29: exiting
2024/04/28 22:08:00 [notice] 23#23: exiting
2024/04/28 22:08:00 [notice] 25#25: exiting
2024/04/28 22:08:00 [notice] 26#26: exiting
2024/04/28 22:08:00 [notice] 27#27: exiting
2024/04/28 22:08:00 [notice] 28#28: exiting
2024/04/28 22:08:00 [notice] 24#24: exit
2024/04/28 22:08:00 [notice] 30#30: exiting
2024/04/28 22:08:00 [notice] 31#31: exiting
2024/04/28 22:08:00 [notice] 22#22: exit
2024/04/28 22:08:00 [notice] 29#29: exit
2024/04/28 22:08:00 [notice] 23#23: exit
2024/04/28 22:08:00 [notice] 25#25: exit
2024/04/28 22:08:00 [notice] 26#26: exit
2024/04/28 22:08:00 [notice] 27#27: exit
2024/04/28 22:08:00 [notice] 28#28: exit
2024/04/28 22:08:00 [notice] 30#30: exit
2024/04/28 22:08:00 [notice] 31#31: exit
2024/04/28 22:08:00 [notice] 1#1: signal 17 (SIGCHLD) received from 30
2024/04/28 22:08:00 [notice] 1#1: worker process 22 exited with code 0
2024/04/28 22:08:00 [notice] 1#1: worker process 28 exited with code 0
2024/04/28 22:08:00 [notice] 1#1: worker process 30 exited with code 0
2024/04/28 22:08:00 [notice] 1#1: signal 29 (SIGIO) received
2024/04/28 22:08:00 [notice] 1#1: signal 17 (SIGCHLD) received from 22
2024/04/28 22:08:00 [notice] 1#1: signal 17 (SIGCHLD) received from 31
2024/04/28 22:08:00 [notice] 1#1: worker process 23 exited with code 0
2024/04/28 22:08:00 [notice] 1#1: worker process 24 exited with code 0
2024/04/28 22:08:00 [notice] 1#1: worker process 25 exited with code 0
2024/04/28 22:08:00 [notice] 1#1: worker process 26 exited with code 0
2024/04/28 22:08:00 [notice] 1#1: worker process 27 exited with code 0
2024/04/28 22:08:00 [notice] 1#1: worker process 29 exited with code 0
2024/04/28 22:08:00 [notice] 1#1: worker process 31 exited with code 0
2024/04/28 22:08:00 [notice] 1#1: exit
2024/04/28 22:08:06 [notice] 1#1: using the "epoll" event method
2024/04/28 22:08:06 [notice] 1#1: nginx/1.25.5
2024/04/28 22:08:06 [notice] 1#1: built by gcc 12.2.0 (Debian 12.2.0-14) 
2024/04/28 22:08:06 [notice] 1#1: OS: Linux 6.6.16-linuxkit
2024/04/28 22:08:06 [notice] 1#1: getrlimit(RLIMIT_NOFILE): 1048576:1048576
2024/04/28 22:08:06 [notice] 1#1: start worker processes
2024/04/28 22:08:06 [notice] 1#1: start worker process 21
2024/04/28 22:08:06 [notice] 1#1: start worker process 22
2024/04/28 22:08:06 [notice] 1#1: start worker process 23
2024/04/28 22:08:06 [notice] 1#1: start worker process 24
2024/04/28 22:08:06 [notice] 1#1: start worker process 25
2024/04/28 22:08:06 [notice] 1#1: start worker process 26
2024/04/28 22:08:06 [notice] 1#1: start worker process 27
2024/04/28 22:08:06 [notice] 1#1: start worker process 28
2024/04/28 22:08:06 [notice] 1#1: start worker process 29
2024/04/28 22:08:06 [notice] 1#1: start worker process 30
2024/04/28 22:12:55 [notice] 1#1: signal 3 (SIGQUIT) received, shutting down
2024/04/28 22:12:55 [notice] 21#21: gracefully shutting down
2024/04/28 22:12:55 [notice] 22#22: gracefully shutting down
2024/04/28 22:12:55 [notice] 23#23: gracefully shutting down
2024/04/28 22:12:55 [notice] 24#24: gracefully shutting down
2024/04/28 22:12:55 [notice] 25#25: gracefully shutting down
2024/04/28 22:12:55 [notice] 26#26: gracefully shutting down
2024/04/28 22:12:55 [notice] 28#28: gracefully shutting down
2024/04/28 22:12:55 [notice] 27#27: gracefully shutting down
2024/04/28 22:12:55 [notice] 29#29: gracefully shutting down
2024/04/28 22:12:55 [notice] 30#30: gracefully shutting down
2024/04/28 22:12:55 [notice] 21#21: exiting
2024/04/28 22:12:55 [notice] 22#22: exiting
2024/04/28 22:12:55 [notice] 23#23: exiting
2024/04/28 22:12:55 [notice] 24#24: exiting
2024/04/28 22:12:55 [notice] 25#25: exiting
2024/04/28 22:12:55 [notice] 26#26: exiting
2024/04/28 22:12:55 [notice] 28#28: exiting
2024/04/28 22:12:55 [notice] 27#27: exiting
2024/04/28 22:12:55 [notice] 29#29: exiting
2024/04/28 22:12:55 [notice] 30#30: exiting
2024/04/28 22:12:55 [notice] 21#21: exit
2024/04/28 22:12:55 [notice] 22#22: exit
2024/04/28 22:12:55 [notice] 23#23: exit
2024/04/28 22:12:55 [notice] 24#24: exit
2024/04/28 22:12:55 [notice] 25#25: exit
2024/04/28 22:12:55 [notice] 26#26: exit
2024/04/28 22:12:55 [notice] 28#28: exit
2024/04/28 22:12:55 [notice] 27#27: exit
2024/04/28 22:12:55 [notice] 29#29: exit
2024/04/28 22:12:55 [notice] 30#30: exit
2024/04/28 22:12:55 [notice] 1#1: signal 17 (SIGCHLD) received from 26
2024/04/28 22:12:55 [notice] 1#1: worker process 21 exited with code 0
2024/04/28 22:12:55 [notice] 1#1: worker process 23 exited with code 0
2024/04/28 22:12:55 [notice] 1#1: worker process 24 exited with code 0
2024/04/28 22:12:55 [notice] 1#1: worker process 26 exited with code 0
2024/04/28 22:12:55 [notice] 1#1: worker process 27 exited with code 0
2024/04/28 22:12:55 [notice] 1#1: worker process 28 exited with code 0
2024/04/28 22:12:55 [notice] 1#1: worker process 29 exited with code 0
2024/04/28 22:12:55 [notice] 1#1: signal 29 (SIGIO) received
2024/04/28 22:12:55 [notice] 1#1: signal 17 (SIGCHLD) received from 24
2024/04/28 22:12:55 [notice] 1#1: signal 17 (SIGCHLD) received from 22
2024/04/28 22:12:55 [notice] 1#1: worker process 22 exited with code 0
2024/04/28 22:12:55 [notice] 1#1: signal 29 (SIGIO) received
2024/04/28 22:12:55 [notice] 1#1: signal 17 (SIGCHLD) received from 30
2024/04/28 22:12:55 [notice] 1#1: worker process 25 exited with code 0
2024/04/28 22:12:55 [notice] 1#1: worker process 30 exited with code 0
2024/04/28 22:12:55 [notice] 1#1: exit
2024/04/28 22:13:07 [notice] 1#1: using the "epoll" event method
2024/04/28 22:13:07 [notice] 1#1: nginx/1.25.5
2024/04/28 22:13:07 [notice] 1#1: built by gcc 12.2.0 (Debian 12.2.0-14) 
2024/04/28 22:13:07 [notice] 1#1: OS: Linux 6.6.22-linuxkit
2024/04/28 22:13:07 [notice] 1#1: getrlimit(RLIMIT_NOFILE): 1048576:1048576
2024/04/28 22:13:07 [notice] 1#1: start worker processes
2024/04/28 22:13:07 [notice] 1#1: start worker process 21
2024/04/28 22:13:07 [notice] 1#1: start worker process 22
2024/04/28 22:13:07 [notice] 1#1: start worker process 23
2024/04/28 22:13:07 [notice] 1#1: start worker process 24
2024/04/28 22:13:07 [notice] 1#1: start worker process 25
2024/04/28 22:13:07 [notice] 1#1: start worker process 26
2024/04/28 22:13:07 [notice] 1#1: start worker process 27
2024/04/28 22:13:07 [notice] 1#1: start worker process 28
2024/04/28 22:13:07 [notice] 1#1: start worker process 29
2024/04/28 22:13:07 [notice] 1#1: start worker process 30
2024/04/28 22:43:23 [notice] 1#1: signal 3 (SIGQUIT) received, shutting down
2024/04/28 22:43:23 [notice] 21#21: gracefully shutting down
2024/04/28 22:43:23 [notice] 22#22: gracefully shutting down
2024/04/28 22:43:23 [notice] 23#23: gracefully shutting down
2024/04/28 22:43:23 [notice] 24#24: gracefully shutting down
2024/04/28 22:43:23 [notice] 26#26: gracefully shutting down
2024/04/28 22:43:23 [notice] 27#27: gracefully shutting down
2024/04/28 22:43:23 [notice] 25#25: gracefully shutting down
2024/04/28 22:43:23 [notice] 28#28: gracefully shutting down
2024/04/28 22:43:23 [notice] 29#29: gracefully shutting down
2024/04/28 22:43:23 [notice] 30#30: gracefully shutting down
2024/04/28 22:43:23 [notice] 21#21: exiting
2024/04/28 22:43:23 [notice] 22#22: exiting
2024/04/28 22:43:23 [notice] 23#23: exiting
2024/04/28 22:43:23 [notice] 24#24: exiting
2024/04/28 22:43:23 [notice] 26#26: exiting
2024/04/28 22:43:23 [notice] 27#27: exiting
2024/04/28 22:43:23 [notice] 25#25: exiting
2024/04/28 22:43:23 [notice] 28#28: exiting
2024/04/28 22:43:23 [notice] 29#29: exiting
2024/04/28 22:43:23 [notice] 30#30: exiting
2024/04/28 22:43:23 [notice] 21#21: exit
2024/04/28 22:43:23 [notice] 22#22: exit
2024/04/28 22:43:23 [notice] 23#23: exit
2024/04/28 22:43:23 [notice] 24#24: exit
2024/04/28 22:43:23 [notice] 26#26: exit
2024/04/28 22:43:23 [notice] 27#27: exit
2024/04/28 22:43:23 [notice] 25#25: exit
2024/04/28 22:43:23 [notice] 28#28: exit
2024/04/28 22:43:23 [notice] 29#29: exit
2024/04/28 22:43:23 [notice] 30#30: exit
2024/04/28 22:43:23 [notice] 1#1: signal 17 (SIGCHLD) received from 24
2024/04/28 22:43:23 [notice] 1#1: worker process 24 exited with code 0
2024/04/28 22:43:23 [notice] 1#1: worker process 27 exited with code 0
2024/04/28 22:43:23 [notice] 1#1: signal 29 (SIGIO) received
2024/04/28 22:43:23 [notice] 1#1: signal 17 (SIGCHLD) received from 22
2024/04/28 22:43:23 [notice] 1#1: worker process 21 exited with code 0
2024/04/28 22:43:23 [notice] 1#1: worker process 22 exited with code 0
2024/04/28 22:43:23 [notice] 1#1: worker process 23 exited with code 0
2024/04/28 22:43:23 [notice] 1#1: worker process 25 exited with code 0
2024/04/28 22:43:23 [notice] 1#1: worker process 26 exited with code 0
2024/04/28 22:43:23 [notice] 1#1: worker process 28 exited with code 0
2024/04/28 22:43:23 [notice] 1#1: worker process 29 exited with code 0
2024/04/28 22:43:23 [notice] 1#1: worker process 30 exited with code 0
2024/04/28 22:43:23 [notice] 1#1: exit
2024/04/28 22:44:04 [notice] 1#1: using the "epoll" event method
2024/04/28 22:44:04 [notice] 1#1: nginx/1.25.5
2024/04/28 22:44:04 [notice] 1#1: built by gcc 12.2.0 (Debian 12.2.0-14) 
2024/04/28 22:44:04 [notice] 1#1: OS: Linux 6.6.22-linuxkit
2024/04/28 22:44:04 [notice] 1#1: getrlimit(RLIMIT_NOFILE): 1048576:1048576
2024/04/28 22:44:04 [notice] 1#1: start worker processes
2024/04/28 22:44:04 [notice] 1#1: start worker process 22
2024/04/28 22:44:04 [notice] 1#1: start worker process 23
2024/04/28 22:44:04 [notice] 1#1: start worker process 24
2024/04/28 22:44:04 [notice] 1#1: start worker process 25
2024/04/28 22:44:04 [notice] 1#1: start worker process 26
2024/04/28 22:44:04 [notice] 1#1: start worker process 27
2024/04/28 22:44:04 [notice] 1#1: start worker process 28
2024/04/28 22:44:04 [notice] 1#1: start worker process 29
2024/04/28 22:44:04 [notice] 1#1: start worker process 30
2024/04/28 22:44:04 [notice] 1#1: start worker process 31
2024/04/28 23:07:44 [error] 22#22: *1 open() "/usr/share/nginx/html/openapi/v3" failed (2: No such file or directory), client: 192.168.65.1, server: localhost, request: "GET /openapi/v3?timeout=32s HTTP/1.1", host: "localhost:8080"
2024/04/28 23:07:44 [error] 22#22: *1 open() "/usr/share/nginx/html/openapi/v2" failed (2: No such file or directory), client: 192.168.65.1, server: localhost, request: "GET /openapi/v2?timeout=32s HTTP/1.1", host: "localhost:8080"
2024/04/28 23:08:10 [error] 24#24: *2 open() "/usr/share/nginx/html/openapi/v3" failed (2: No such file or directory), client: 192.168.65.1, server: localhost, request: "GET /openapi/v3?timeout=32s HTTP/1.1", host: "localhost:8080"
2024/04/28 23:08:10 [error] 24#24: *2 open() "/usr/share/nginx/html/openapi/v2" failed (2: No such file or directory), client: 192.168.65.1, server: localhost, request: "GET /openapi/v2?timeout=32s HTTP/1.1", host: "localhost:8080"
2024/04/28 23:10:13 [error] 23#23: *3 open() "/usr/share/nginx/html/openapi/v3" failed (2: No such file or directory), client: 192.168.65.1, server: localhost, request: "GET /openapi/v3?timeout=32s HTTP/1.1", host: "localhost:8080"
2024/04/28 23:10:13 [error] 23#23: *3 open() "/usr/share/nginx/html/openapi/v2" failed (2: No such file or directory), client: 192.168.65.1, server: localhost, request: "GET /openapi/v2?timeout=32s HTTP/1.1", host: "localhost:8080"
2024/04/28 23:10:20 [error] 25#25: *4 open() "/usr/share/nginx/html/api" failed (2: No such file or directory), client: 192.168.65.1, server: localhost, request: "GET /api?timeout=32s HTTP/1.1", host: "localhost:8080"
2024/04/28 23:10:20 [error] 25#25: *4 open() "/usr/share/nginx/html/apis" failed (2: No such file or directory), client: 192.168.65.1, server: localhost, request: "GET /apis?timeout=32s HTTP/1.1", host: "localhost:8080"
2024/04/28 23:10:20 [error] 25#25: *4 open() "/usr/share/nginx/html/api" failed (2: No such file or directory), client: 192.168.65.1, server: localhost, request: "GET /api?timeout=32s HTTP/1.1", host: "localhost:8080"
2024/04/28 23:10:20 [error] 25#25: *4 open() "/usr/share/nginx/html/apis" failed (2: No such file or directory), client: 192.168.65.1, server: localhost, request: "GET /apis?timeout=32s HTTP/1.1", host: "localhost:8080"
2024/04/28 23:10:20 [error] 25#25: *4 open() "/usr/share/nginx/html/api" failed (2: No such file or directory), client: 192.168.65.1, server: localhost, request: "GET /api?timeout=32s HTTP/1.1", host: "localhost:8080"
2024/04/28 23:10:20 [error] 25#25: *4 open() "/usr/share/nginx/html/apis" failed (2: No such file or directory), client: 192.168.65.1, server: localhost, request: "GET /apis?timeout=32s HTTP/1.1", host: "localhost:8080"
2024/04/28 23:10:20 [error] 25#25: *4 open() "/usr/share/nginx/html/api" failed (2: No such file or directory), client: 192.168.65.1, server: localhost, request: "GET /api?timeout=32s HTTP/1.1", host: "localhost:8080"
2024/04/28 23:10:20 [error] 25#25: *4 open() "/usr/share/nginx/html/apis" failed (2: No such file or directory), client: 192.168.65.1, server: localhost, request: "GET /apis?timeout=32s HTTP/1.1", host: "localhost:8080"
2024/04/28 23:10:20 [error] 25#25: *4 open() "/usr/share/nginx/html/api" failed (2: No such file or directory), client: 192.168.65.1, server: localhost, request: "GET /api?timeout=32s HTTP/1.1", host: "localhost:8080"
2024/04/28 23:10:20 [error] 25#25: *4 open() "/usr/share/nginx/html/apis" failed (2: No such file or directory), client: 192.168.65.1, server: localhost, request: "GET /apis?timeout=32s HTTP/1.1", host: "localhost:8080"
